<?xml version="1.0" encoding="UTF-8"?>
<!-- Generated by org.testng.reporters.JUnitReportReporter -->
<testsuite hostname="Aji" failures="0" tests="1" name="EludeWeb.NotificationsPage" time="11.666" errors="0" timestamp="2023-06-28T16:47:16 IST" skipped="0">
  <testcase classname="EludeWeb.NotificationsPage" name="NotifictionsFunction" time="11.666"/>
  <system-out/>
</testsuite> <!-- EludeWeb.NotificationsPage -->
