<?xml version="1.0" encoding="UTF-8"?>
<!-- Generated by org.testng.reporters.JUnitReportReporter -->
<testsuite hostname="Aji" failures="0" tests="9" name="EludeWeb.UserProfilePage" time="63.635" errors="0" timestamp="2023-06-28T17:03:02 IST" skipped="0">
  <testcase classname="EludeWeb.UserProfilePage" name="EnterName" time="2.384"/>
  <system-out/>
  <testcase classname="EludeWeb.UserProfilePage" name="Calendar" time="2.162"/>
  <system-out/>
  <testcase classname="EludeWeb.UserProfilePage" name="SetStatusMarried" time="8.609"/>
  <system-out/>
  <testcase classname="EludeWeb.UserProfilePage" name="SetStatusSingle" time="6.348"/>
  <system-out/>
  <testcase classname="EludeWeb.UserProfilePage" name="EnterParentsDetails" time="4.366"/>
  <system-out/>
  <testcase classname="EludeWeb.UserProfilePage" name="Address" time="2.164"/>
  <system-out/>
  <testcase classname="EludeWeb.UserProfilePage" name="WorkingProfile" time="9.662"/>
  <system-out/>
  <testcase classname="EludeWeb.UserProfilePage" name="AccountDetails" time="18.619"/>
  <system-out/>
  <testcase classname="EludeWeb.UserProfilePage" name="Check" time="9.321"/>
  <system-out/>
</testsuite> <!-- EludeWeb.UserProfilePage -->
