<?xml version="1.0" encoding="UTF-8"?>
<!-- Generated by org.testng.reporters.JUnitReportReporter -->
<testsuite hostname="Aji" failures="0" tests="2" name="EludeWeb.SettingsPage" time="19.920" errors="0" timestamp="2023-06-28T16:47:16 IST" skipped="0">
  <testcase classname="EludeWeb.SettingsPage" name="SetTime" time="7.335"/>
  <system-out/>
  <testcase classname="EludeWeb.SettingsPage" name="SetRadius" time="12.585"/>
  <system-out/>
</testsuite> <!-- EludeWeb.SettingsPage -->
