<?xml version="1.0" encoding="UTF-8"?>
<!-- Generated by org.testng.reporters.JUnitReportReporter -->
<testsuite hostname="Aji" failures="0" tests="12" name="EludeHome.HomePage" time="17.151" errors="0" timestamp="2023-06-23T14:03:16 IST" skipped="10">
  <testcase classname="EludeHome.HomePage" name="ContentHeaderIcon" time="13.294"/>
  <system-out/>
  <testcase classname="EludeHome.HomePage" name="ContentHeaderList" time="3.857"/>
  <system-out/>
  <testcase classname="EludeHome.HomePage" name="StatusContent">
    <skipped/>
  </testcase> <!-- StatusContent -->
  <system-out/>
  <testcase classname="EludeHome.HomePage" name="PresentDetails">
    <skipped/>
  </testcase> <!-- PresentDetails -->
  <system-out/>
  <testcase classname="EludeHome.HomePage" name="CHStepTwo">
    <skipped/>
  </testcase> <!-- CHStepTwo -->
  <system-out/>
  <testcase classname="EludeHome.HomePage" name="Leave">
    <skipped/>
  </testcase> <!-- Leave -->
  <system-out/>
  <testcase classname="EludeHome.HomePage" name="Present">
    <skipped/>
  </testcase> <!-- Present -->
  <system-out/>
  <testcase classname="EludeHome.HomePage" name="Late">
    <skipped/>
  </testcase> <!-- Late -->
  <system-out/>
  <testcase classname="EludeHome.HomePage" name="Absent">
    <skipped/>
  </testcase> <!-- Absent -->
  <system-out/>
  <testcase classname="EludeHome.HomePage" name="CHStepOne">
    <skipped/>
  </testcase> <!-- CHStepOne -->
  <system-out/>
  <testcase classname="EludeHome.HomePage" name="LateDetails">
    <skipped/>
  </testcase> <!-- LateDetails -->
  <system-out/>
  <testcase classname="EludeHome.HomePage" name="FootContent">
    <skipped/>
  </testcase> <!-- FootContent -->
  <system-out/>
</testsuite> <!-- EludeHome.HomePage -->
