<?xml version="1.0" encoding="UTF-8"?>
<!-- Generated by org.testng.reporters.JUnitReportReporter -->
<testsuite hostname="Aji" failures="0" tests="3" name="EludeWeb.UserListPage" time="21.413" errors="0" timestamp="2023-06-28T16:47:16 IST" skipped="0">
  <testcase classname="EludeWeb.UserListPage" name="AddEmployee" time="10.088"/>
  <system-out/>
  <testcase classname="EludeWeb.UserListPage" name="DeleteEmp" time="3.608"/>
  <system-out/>
  <testcase classname="EludeWeb.UserListPage" name="AddAdmin" time="7.717"/>
  <system-out/>
</testsuite> <!-- EludeWeb.UserListPage -->
