<?xml version="1.0" encoding="UTF-8"?>
<!-- Generated by org.testng.reporters.JUnitReportReporter -->
<testsuite hostname="Aji" failures="0" tests="13" name="EludeWeb.HomePage" time="121.001" errors="0" timestamp="2023-06-28T16:47:16 IST" skipped="3">
  <testcase classname="EludeWeb.HomePage" name="FootContent" time="3.622"/>
  <system-out/>
  <testcase classname="EludeWeb.HomePage" name="StatusHContent" time="3.331"/>
  <system-out/>
  <testcase classname="EludeWeb.HomePage" name="Present" time="12.255"/>
  <system-out/>
  <testcase classname="EludeWeb.HomePage" name="PresentDetails" time="5.213"/>
  <system-out/>
  <testcase classname="EludeWeb.HomePage" name="Leave" time="9.133"/>
  <system-out/>
  <testcase classname="EludeWeb.HomePage" name="CHStepOne" time="8.103"/>
  <system-out/>
  <testcase classname="EludeWeb.HomePage" name="CHStepTwo" time="7.214"/>
  <system-out/>
  <testcase classname="EludeWeb.HomePage" name="ContentHeaderIcon" time="13.929"/>
  <system-out/>
  <testcase classname="EludeWeb.HomePage" name="ContentHeaderList" time="4.350"/>
  <system-out/>
  <testcase classname="EludeWeb.HomePage" name="StatusContent" time="53.851"/>
  <system-out/>
  <testcase classname="EludeWeb.HomePage" name="Absent">
    <skipped/>
  </testcase> <!-- Absent -->
  <system-out/>
  <testcase classname="EludeWeb.HomePage" name="LateDetails">
    <skipped/>
  </testcase> <!-- LateDetails -->
  <system-out/>
  <testcase classname="EludeWeb.HomePage" name="Late">
    <skipped/>
  </testcase> <!-- Late -->
  <system-out/>
</testsuite> <!-- EludeWeb.HomePage -->
