<?xml version="1.0" encoding="UTF-8"?>
<!-- Generated by org.testng.reporters.JUnitReportReporter -->
<testsuite hostname="Aji" failures="0" tests="3" name="EludeHome.UserListPage" time="13.940" errors="0" timestamp="2023-06-24T10:09:24 IST" skipped="1">
  <testcase classname="EludeHome.UserListPage" name="AddEmployee" time="8.156"/>
  <system-out/>
  <testcase classname="EludeHome.UserListPage" name="AddAdmin" time="5.784"/>
  <system-out/>
  <testcase classname="EludeHome.UserListPage" name="DeleteEmp">
    <skipped/>
  </testcase> <!-- DeleteEmp -->
  <system-out/>
</testsuite> <!-- EludeHome.UserListPage -->
