<?xml version="1.0" encoding="UTF-8"?>
<!-- Generated by org.testng.reporters.JUnitReportReporter -->
<testsuite hostname="Aji" failures="0" tests="2" name="Sampleproject.FirstSample" time="22.917" errors="0" timestamp="2023-04-27T10:30:55 IST" skipped="0">
  <testcase classname="Sampleproject.FirstSample" name="name" time="13.715"/>
  <system-out/>
  <testcase classname="Sampleproject.FirstSample" name="name" time="9.202"/>
  <system-out/>
</testsuite> <!-- Sampleproject.FirstSample -->
