<?xml version="1.0" encoding="UTF-8"?>
<!-- Generated by org.testng.reporters.JUnitReportReporter -->
<testsuite hostname="Aji" failures="0" tests="4" name="Sampleproject.SecondProjectSample" time="42.764" errors="0" timestamp="2023-04-27T10:12:44 IST" skipped="0">
  <testcase classname="Sampleproject.SecondProjectSample" name="second" time="9.772"/>
  <system-out/>
  <testcase classname="Sampleproject.SecondProjectSample" name="second" time="10.892"/>
  <system-out/>
  <testcase classname="Sampleproject.SecondProjectSample" name="second" time="12.639"/>
  <system-out/>
  <testcase classname="Sampleproject.SecondProjectSample" name="second" time="9.461"/>
  <system-out/>
</testsuite> <!-- Sampleproject.SecondProjectSample -->
