<?xml version="1.0" encoding="UTF-8"?>
<!-- Generated by org.testng.reporters.JUnitReportReporter -->
<testsuite hostname="Aji" failures="0" tests="4" name="Sampleproject.SecondSample" time="39.318" errors="0" timestamp="2023-04-27T10:20:10 IST" skipped="0">
  <testcase classname="Sampleproject.SecondSample" name="second" time="9.777"/>
  <system-out/>
  <testcase classname="Sampleproject.SecondSample" name="second" time="12.586"/>
  <system-out/>
  <testcase classname="Sampleproject.SecondSample" name="second" time="9.362"/>
  <system-out/>
  <testcase classname="Sampleproject.SecondSample" name="second" time="7.593"/>
  <system-out/>
</testsuite> <!-- Sampleproject.SecondSample -->
