<?xml version="1.0" encoding="UTF-8"?>
<!-- Generated by org.testng.reporters.JUnitReportReporter -->
<testsuite hostname="Aji" failures="0" tests="4" name="Sampleproject.FinalSample" time="10.246" errors="0" timestamp="2023-04-27T12:35:14 IST" skipped="0">
  <testcase classname="Sampleproject.FinalSample" name="first" time="2.533"/>
  <system-out/>
  <testcase classname="Sampleproject.FinalSample" name="first" time="1.751"/>
  <system-out/>
  <testcase classname="Sampleproject.FinalSample" name="first" time="2.176"/>
  <system-out/>
  <testcase classname="Sampleproject.FinalSample" name="first" time="3.786"/>
  <system-out/>
</testsuite> <!-- Sampleproject.FinalSample -->
