<?xml version="1.0" encoding="UTF-8"?>
<!-- Generated by org.testng.reporters.JUnitReportReporter -->
<testsuite hostname="Aji" failures="0" tests="4" name="Sampleproject.ThirdSample" time="35.825" errors="0" timestamp="2023-04-27T10:16:22 IST" skipped="0">
  <testcase classname="Sampleproject.ThirdSample" name="second" time="7.882"/>
  <system-out/>
  <testcase classname="Sampleproject.ThirdSample" name="second" time="10.269"/>
  <system-out/>
  <testcase classname="Sampleproject.ThirdSample" name="second" time="9.081"/>
  <system-out/>
  <testcase classname="Sampleproject.ThirdSample" name="second" time="8.593"/>
  <system-out/>
</testsuite> <!-- Sampleproject.ThirdSample -->
