<?xml version="1.0" encoding="UTF-8"?>
<!-- Generated by org.testng.reporters.JUnitReportReporter -->
<testsuite hostname="Aji" failures="0" tests="1" name="Scroll.FirstScroll" time="7.459" errors="0" timestamp="2023-05-19T15:27:37 IST" skipped="0">
  <testcase classname="Scroll.FirstScroll" name="First" time="7.459"/>
  <system-out/>
</testsuite> <!-- Scroll.FirstScroll -->
