<?xml version="1.0" encoding="UTF-8"?>
<!-- Generated by org.testng.reporters.JUnitReportReporter -->
<testsuite hostname="Aji" failures="0" tests="2" name="PomTest.testng1" time="0.010" errors="0" timestamp="2023-04-05T16:05:00 IST" skipped="0">
  <testcase classname="PomTest.testng1" name="createcase" time="0.008"/>
  <system-out/>
  <testcase classname="PomTest.testng1" name="createcase2" time="0.002"/>
  <system-out/>
</testsuite> <!-- PomTest.testng1 -->
