<?xml version="1.0" encoding="UTF-8"?>
<!-- Generated by org.testng.reporters.JUnitReportReporter -->
<testsuite hostname="Aji" failures="0" tests="2" name="POM.HardAssert" time="0.016" errors="0" timestamp="2023-03-24T12:36:25 IST" skipped="0">
  <testcase classname="POM.HardAssert" name="createcustomer" time="0.014"/>
  <system-out/>
  <testcase classname="POM.HardAssert" name="m1" time="0.002"/>
  <system-out/>
</testsuite> <!-- POM.HardAssert -->
