<?xml version="1.0" encoding="UTF-8"?>
<!-- Generated by org.testng.reporters.JUnitReportReporter -->
<testsuite hostname="Aji" failures="0" tests="4" name="LoginDemo.CorrectUser" time="23.163" errors="0" timestamp="2023-04-27T12:20:00 IST" skipped="0">
  <testcase classname="LoginDemo.CorrectUser" name="correctuser" time="4.993"/>
  <system-out/>
  <testcase classname="LoginDemo.CorrectUser" name="correctuser" time="3.663"/>
  <system-out/>
  <testcase classname="LoginDemo.CorrectUser" name="correctuser" time="3.660"/>
  <system-out/>
  <testcase classname="LoginDemo.CorrectUser" name="correctuser" time="10.847"/>
  <system-out/>
</testsuite> <!-- LoginDemo.CorrectUser -->
