<?xml version="1.0" encoding="UTF-8"?>
<!-- Generated by org.testng.reporters.JUnitReportReporter -->
<testsuite hostname="Aji" failures="0" tests="1" name="Shop.Landing" time="7.937" errors="0" timestamp="2023-07-01T11:48:53 IST" skipped="0">
  <testcase classname="Shop.Landing" name="OpenBrowser" time="7.937"/>
  <system-out/>
</testsuite> <!-- Shop.Landing -->
