<?xml version="1.0" encoding="UTF-8"?>
<!-- Generated by org.testng.reporters.JUnitReportReporter -->
<testsuite hostname="Aji" failures="0" tests="2" name="Firstproject.ExtendReport" time="6.812" errors="0" timestamp="2023-04-11T12:04:44 IST" skipped="0">
  <testcase classname="Firstproject.ExtendReport" name="google" time="1.951"/>
  <system-out/>
  <testcase classname="Firstproject.ExtendReport" name="youtube" time="4.861"/>
  <system-out/>
</testsuite> <!-- Firstproject.ExtendReport -->
