<?xml version="1.0" encoding="UTF-8"?>
<!-- Generated by org.testng.reporters.JUnitReportReporter -->
<testsuite hostname="Aji" failures="0" tests="1" name="Firstproject.Task1" time="0.009" errors="0" timestamp="2023-04-12T10:20:30 IST" skipped="0">
  <testcase classname="Firstproject.Task1" name="testcase" time="0.009"/>
  <system-out/>
</testsuite> <!-- Firstproject.Task1 -->
