<?xml version="1.0" encoding="UTF-8"?>
<!-- Generated by org.testng.reporters.JUnitReportReporter -->
<testsuite hostname="Aji" failures="0" tests="1" name="Firstproject.Testng" time="10.633" errors="0" timestamp="2023-04-12T15:14:15 IST" skipped="0">
  <testcase classname="Firstproject.Testng" name="second" time="10.633"/>
  <system-out/>
</testsuite> <!-- Firstproject.Testng -->
