<?xml version="1.0" encoding="UTF-8"?>
<!-- Generated by org.testng.reporters.JUnitReportReporter -->
<testsuite hostname="Aji" failures="0" tests="1" name="Assert.HardAssert" time="0.016" errors="0" timestamp="2023-05-17T15:35:31 IST" skipped="0">
  <testcase classname="Assert.HardAssert" name="first" time="0.016"/>
  <system-out/>
</testsuite> <!-- Assert.HardAssert -->
