<?xml version="1.0" encoding="UTF-8"?>
<!-- Generated by org.testng.reporters.JUnitReportReporter -->
<testsuite hostname="Aji" failures="0" tests="8" name="DataProvider.Parallel" time="52.702" errors="0" timestamp="2023-05-17T15:36:24 IST" skipped="0">
  <testcase classname="DataProvider.Parallel" name="p" time="7.161"/>
  <system-out/>
  <testcase classname="DataProvider.Parallel" name="p" time="5.451"/>
  <system-out/>
  <testcase classname="DataProvider.Parallel" name="p" time="9.513"/>
  <system-out/>
  <testcase classname="DataProvider.Parallel" name="p" time="5.400"/>
  <system-out/>
  <testcase classname="DataProvider.Parallel" name="p" time="7.137"/>
  <system-out/>
  <testcase classname="DataProvider.Parallel" name="p" time="9.734"/>
  <system-out/>
  <testcase classname="DataProvider.Parallel" name="p" time="4.106"/>
  <system-out/>
  <testcase classname="DataProvider.Parallel" name="p" time="4.200"/>
  <system-out/>
</testsuite> <!-- DataProvider.Parallel -->
