<?xml version="1.0" encoding="UTF-8"?>
<!-- Generated by org.testng.reporters.JUnitReportReporter -->
<testsuite hostname="Aji" failures="0" tests="1" name="Hardpain.AssertHard" time="0.017" errors="0" timestamp="2023-05-03T15:20:02 IST" skipped="0">
  <testcase classname="Hardpain.AssertHard" name="first" time="0.017"/>
  <system-out/>
</testsuite> <!-- Hardpain.AssertHard -->
