<?xml version="1.0" encoding="UTF-8"?>
<!-- Generated by org.testng.reporters.JUnitReportReporter -->
<testsuite hostname="Aji" failures="0" tests="1" name="DataProvider.Sample2" time="5.165" errors="0" timestamp="2023-05-17T15:36:55 IST" skipped="0">
  <testcase classname="DataProvider.Sample2" name="m1" time="5.165"/>
  <system-out/>
</testsuite> <!-- DataProvider.Sample2 -->
