<?xml version="1.0" encoding="UTF-8"?>
<!-- Generated by org.testng.reporters.JUnitReportReporter -->
<testsuite hostname="Aji" failures="0" tests="2" name="Practice.LearnParameters" time="5.271" errors="0" timestamp="2023-05-12T12:08:18 IST" skipped="0">
  <testcase classname="Practice.LearnParameters" name="learn" time="3.505"/>
  <system-out/>
  <testcase classname="Practice.LearnParameters" name="locall888" time="1.766"/>
  <system-out/>
</testsuite> <!-- Practice.LearnParameters -->
