<?xml version="1.0" encoding="UTF-8"?>
<!-- Generated by org.testng.reporters.JUnitReportReporter -->
<testsuite hostname="Aji" failures="0" tests="1" name="Practice.Parameters" time="68.454" errors="0" timestamp="2023-05-13T14:32:43 IST" skipped="0">
  <testcase classname="Practice.Parameters" name="m1" time="68.454"/>
  <system-out/>
</testsuite> <!-- Practice.Parameters -->
