<?xml version="1.0" encoding="UTF-8"?>
<!-- Generated by org.testng.reporters.JUnitReportReporter -->
<testsuite hostname="Aji" failures="0" tests="1" name="Firstproject.Testng" time="6.833" errors="0" timestamp="2023-04-11T13:46:28 IST" skipped="0">
  <testcase classname="Firstproject.Testng" name="second" time="6.833"/>
  <system-out/>
</testsuite> <!-- Firstproject.Testng -->
